#
# A fatal error has been detected by the Java Runtime Environment:
#
#  SIGSEGV (0xb) at pc=0x00007f7657cd1f95, pid=53734, tid=53734
#
# JRE version: OpenJDK Runtime Environment (11.0.15+10) (build 11.0.15+10-Ubuntu-0ubuntu0.20.04.1)
# Java VM: OpenJDK 64-Bit Server VM (11.0.15+10-Ubuntu-0ubuntu0.20.04.1, mixed mode, sharing, tiered, compressed oops, g1 gc, linux-amd64)
# Problematic frame:
# C  [libapt-pkg.so.6.0+0x11af95]
#
# Core dump will be written. Default location: Core dumps may be processed with "/lib/systemd/systemd-coredump %P %u %g %s %t 9223372036854775808 %h" (or dumping to /home/neos_/Escritorio/MT/Olimpus-gymMicroRTS/core.53734)
#
# If you would like to submit a bug report, please visit:
#   Unknown
# The crash happened outside the Java Virtual Machine in native code.
# See problematic frame for where to report the bug.
#

---------------  S U M M A R Y ------------

Command Line: 

Host: Intel(R) Core(TM) i5-8300H CPU @ 2.30GHz, 8 cores, 11G, Linux Mint 20.3 Una
Time: Tue Jun 21 12:13:40 2022 -04 elapsed time: 4.848121 seconds (0d 0h 0m 4s)

---------------  T H R E A D  ---------------

Current thread (0x0000000003c85800):  JavaThread "main" [_thread_in_native, id=53734, stack(0x00007fffd55db000,0x00007fffd56db000)]

Stack: [0x00007fffd55db000,0x00007fffd56db000],  sp=0x00007fffd56d5460,  free space=1001k
Native frames: (J=compiled Java code, A=aot compiled Java code, j=interpreted, Vv=VM code, C=native code)
C  [libapt-pkg.so.6.0+0x11af95]


siginfo: si_signo: 11 (SIGSEGV), si_code: 1 (SEGV_MAPERR), si_addr: 0x0000000000000040

Register to memory mapping:

RAX=0x000000000437ab40 points into unknown readable memory: 0x00000000013b9f40 | 40 9f 3b 01 00 00 00 00
RBX=0x00007f7657d92860: <offset 0x00000000001db860> in /lib/x86_64-linux-gnu/libapt-pkg.so.6.0 at 0x00007f7657bb7000
RCX=0x676b70642f6e6962 is an unknown value
RDX=0x000000000000000d is an unknown value
RSP=0x00007fffd56d5460 is pointing into the stack for thread: 0x0000000003c85800
RBP=0x0000000058cf8640 points into unknown readable memory: 0x0000000058d0e9a0 | a0 e9 d0 58 00 00 00 00
RSI=0x6e69622f7273752f is an unknown value
RDI=0x0000000000000040 is an unknown value
R8 =0x0000000000000004 is an unknown value
R9 =0x0000000058b91f80 points into unknown readable memory: 0x6e696c00676b7064 | 64 70 6b 67 00 6c 69 6e
R10=0x0 is NULL
R11=0x0000000000000202 is an unknown value
R12=0x00007fffd56d5470 is pointing into the stack for thread: 0x0000000003c85800
R13=0x00007fffd56d5460 is pointing into the stack for thread: 0x0000000003c85800
R14=0x00007f7657d92ea0: _ZN9pkgSystem13GlobalListLenE+0x0000000000000000 in /lib/x86_64-linux-gnu/libapt-pkg.so.6.0 at 0x00007f7657bb7000
R15=0x00007f7657d0bb80: <offset 0x0000000000154b80> in /lib/x86_64-linux-gnu/libapt-pkg.so.6.0 at 0x00007f7657bb7000


Registers:
RAX=0x000000000437ab40, RBX=0x00007f7657d92860, RCX=0x676b70642f6e6962, RDX=0x000000000000000d
RSP=0x00007fffd56d5460, RBP=0x0000000058cf8640, RSI=0x6e69622f7273752f, RDI=0x0000000000000040
R8 =0x0000000000000004, R9 =0x0000000058b91f80, R10=0x0000000000000000, R11=0x0000000000000202
R12=0x00007fffd56d5470, R13=0x00007fffd56d5460, R14=0x00007f7657d92ea0, R15=0x00007f7657d0bb80
RIP=0x00007f7657cd1f95, EFLAGS=0x0000000000010202, CSGSFS=0x002b000000000033, ERR=0x0000000000000004
  TRAPNO=0x000000000000000e

Top of Stack: (sp=0x00007fffd56d5460)
0x00007fffd56d5460:   00007fffd56d5470 000000000000000d
0x00007fffd56d5470:   6e69622f7273752f 007300676b70642f
0x00007fffd56d5480:   0000000000000000 c5f4fa548c231800
0x00007fffd56d5490:   00007f7657d92158 0000000000000003 

Instructions: (pc=0x00007f7657cd1f95)
0x00007f7657cd1e95:   0f 1e fa 49 89 c4 e9 1b aa f3 ff f3 0f 1e fa 48
0x00007f7657cd1ea5:   89 c3 e9 24 aa f3 ff 0f 1f 40 00 f3 0f 1e fa 41
0x00007f7657cd1eb5:   55 48 8d 15 65 96 07 00 41 54 55 48 89 f5 48 8d
0x00007f7657cd1ec5:   72 f1 53 48 89 fb 48 83 ec 38 64 48 8b 04 25 28
0x00007f7657cd1ed5:   00 00 00 48 89 44 24 28 31 c0 49 89 e5 4c 8d 64
0x00007f7657cd1ee5:   24 10 4c 89 ef 4c 89 24 24 e8 3d cd f6 ff 4c 89
0x00007f7657cd1ef5:   ea 48 8d 35 0a 96 07 00 48 89 ef e8 fb 1f fb ff
0x00007f7657cd1f05:   48 8b 3c 24 4c 39 e7 74 05 e8 dd 93 f2 ff 48 8d
0x00007f7657cd1f15:   35 0c 95 07 00 48 89 ef e8 9e 24 fb ff 84 c0 75
0x00007f7657cd1f25:   2b 48 89 ee 4c 89 ef e8 af fb ff ff 4c 89 ea 48
0x00007f7657cd1f35:   8d 35 eb 94 07 00 48 89 ef e8 1d 21 fb ff 48 8b
0x00007f7657cd1f45:   3c 24 4c 39 e7 74 05 e8 9f 93 f2 ff 48 8d 15 d8
0x00007f7657cd1f55:   95 07 00 4c 89 ef 4c 89 24 24 48 8d 72 f3 e8 c8
0x00007f7657cd1f65:   cc f6 ff 4c 89 ea 48 8d 35 ef 94 07 00 48 89 ef
0x00007f7657cd1f75:   e8 86 1f fb ff 48 8b 3c 24 4c 39 e7 74 05 e8 68
0x00007f7657cd1f85:   93 f2 ff 48 8b 43 20 48 8b 78 10 48 85 ff 74 12
0x00007f7657cd1f95:   48 8b 07 ff 50 60 48 8b 43 20 48 c7 40 10 00 00
0x00007f7657cd1fa5:   00 00 48 8b 44 24 28 64 48 33 04 25 28 00 00 00
0x00007f7657cd1fb5:   75 10 48 83 c4 38 b8 01 00 00 00 5b 5d 41 5c 41
0x00007f7657cd1fc5:   5d c3 e8 94 95 f2 ff f3 0f 1e fa 48 89 c5 e9 44
0x00007f7657cd1fd5:   a9 f3 ff f3 0f 1e fa 48 89 c5 e9 4e a9 f3 ff f3
0x00007f7657cd1fe5:   0f 1e fa 48 89 c5 e9 58 a9 f3 ff f3 0f 1e fa 41
0x00007f7657cd1ff5:   55 49 89 f5 41 54 55 53 48 83 ec 58 64 48 8b 04
0x00007f7657cd2005:   25 28 00 00 00 48 89 44 24 48 31 c0 48 89 e7 48
0x00007f7657cd2015:   8d 6c 24 20 e8 c2 fa ff ff 48 8b 0c 24 4c 89 ee
0x00007f7657cd2025:   48 89 ef 48 8d 15 f7 93 07 00 e8 8c 43 fb ff 48
0x00007f7657cd2035:   89 ef e8 e4 98 fb ff 48 8b 7c 24 20 48 8d 5c 24
0x00007f7657cd2045:   30 41 89 c4 48 39 df 74 05 e8 9d 92 f2 ff 48 8b
0x00007f7657cd2055:   3c 24 48 8d 44 24 10 48 39 c7 74 05 e8 8a 92 f2
0x00007f7657cd2065:   ff 41 80 fc 01 48 89 ef 4c 89 ee 45 19 e4 48 8d
0x00007f7657cd2075:   0d a9 94 07 00 48 8d 15 e0 93 07 00 e8 5a 42 fb
0x00007f7657cd2085:   ff 41 f7 d4 48 89 ef 41 83 e4 0a e8 8b 98 fb ff 


Stack slot to memory mapping:
stack at sp + 0 slots: 0x00007fffd56d5470 is pointing into the stack for thread: 0x0000000003c85800
stack at sp + 1 slots: 0x000000000000000d is an unknown value
stack at sp + 2 slots: 0x6e69622f7273752f is an unknown value
stack at sp + 3 slots: 0x007300676b70642f is an unknown value
stack at sp + 4 slots: 0x0 is NULL
stack at sp + 5 slots: 0xc5f4fa548c231800 is an unknown value
stack at sp + 6 slots: 0x00007f7657d92158: _ZN9pkgSystem10GlobalListE+0x0000000000000000 in /lib/x86_64-linux-gnu/libapt-pkg.so.6.0 at 0x00007f7657bb7000
stack at sp + 7 slots: 0x0000000000000003 is an unknown value


---------------  P R O C E S S  ---------------

Threads class SMR info:
_java_thread_list=0x00007f76bc008550, length=12, elements={
0x0000000003c85800, 0x0000000003f21000, 0x0000000003f23000, 0x0000000003f27000,
0x0000000003f29000, 0x0000000003f2b000, 0x0000000003f2d000, 0x0000000003f2f000,
0x0000000003f6a000, 0x0000000004315000, 0x0000000004318800, 0x00007f76a8001000
}

Java Threads: ( => current thread )
=>0x0000000003c85800 JavaThread "main" [_thread_in_native, id=53734, stack(0x00007fffd55db000,0x00007fffd56db000)]
  0x0000000003f21000 JavaThread "Reference Handler" daemon [_thread_blocked, id=53751, stack(0x00007f7700514000,0x00007f7700615000)]
  0x0000000003f23000 JavaThread "Finalizer" daemon [_thread_blocked, id=53752, stack(0x00007f7700413000,0x00007f7700514000)]
  0x0000000003f27000 JavaThread "Signal Dispatcher" daemon [_thread_blocked, id=53753, stack(0x00007f7700312000,0x00007f7700413000)]
  0x0000000003f29000 JavaThread "Service Thread" daemon [_thread_blocked, id=53754, stack(0x00007f7700211000,0x00007f7700312000)]
  0x0000000003f2b000 JavaThread "C2 CompilerThread0" daemon [_thread_blocked, id=53755, stack(0x00007f7700110000,0x00007f7700211000)]
  0x0000000003f2d000 JavaThread "C1 CompilerThread0" daemon [_thread_blocked, id=53756, stack(0x00007f770000f000,0x00007f7700110000)]
  0x0000000003f2f000 JavaThread "Sweeper thread" daemon [_thread_blocked, id=53757, stack(0x00007f76cc27f000,0x00007f76cc380000)]
  0x0000000003f6a000 JavaThread "Common-Cleaner" daemon [_thread_blocked, id=53759, stack(0x00007f76cc07c000,0x00007f76cc17d000)]
  0x0000000004315000 JavaThread "Java2D Disposer" daemon [_thread_blocked, id=53779, stack(0x00007f76979f7000,0x00007f7697af8000)]
  0x0000000004318800 JavaThread "AWT-XAWT" daemon [_thread_blocked, id=53780, stack(0x00007f7669000000,0x00007f7669101000)]
  0x00007f76a8001000 JavaThread "SIGINT handler" daemon [_thread_blocked, id=53787, stack(0x00007f7697af8000,0x00007f7697bf9000)]

Other Threads:
  0x0000000003f1e000 VMThread "VM Thread" [stack: 0x00007f7700617000,0x00007f7700717000] [id=53750]
  0x0000000003c9c000 GCTaskThread "GC Thread#0" [stack: 0x00007f7708081000,0x00007f7708181000] [id=53745]
  0x00007f76bc001000 GCTaskThread "GC Thread#1" [stack: 0x00007f7697dff000,0x00007f7697eff000] [id=53761]
  0x00007f76bc003000 GCTaskThread "GC Thread#2" [stack: 0x00007f7697cfd000,0x00007f7697dfd000] [id=53762]
  0x00007f76bc004800 GCTaskThread "GC Thread#3" [stack: 0x00007f7697bfb000,0x00007f7697cfb000] [id=53763]
  0x00007f76bc009000 GCTaskThread "GC Thread#4" [stack: 0x00007f765829a000,0x00007f765839a000] [id=53783]
  0x00007f76bc00a000 GCTaskThread "GC Thread#5" [stack: 0x00007f7658198000,0x00007f7658298000] [id=53784]
  0x0000000003ce3000 ConcurrentGCThread "G1 Main Marker" [stack: 0x00007f7701227000,0x00007f7701327000] [id=53746]
  0x0000000003ce5000 ConcurrentGCThread "G1 Conc#0" [stack: 0x00007f7701125000,0x00007f7701225000] [id=53747]
  0x0000000003da6000 ConcurrentGCThread "G1 Refine#0" [stack: 0x00007f770081b000,0x00007f770091b000] [id=53748]
  0x0000000003da7800 ConcurrentGCThread "G1 Young RemSet Sampling" [stack: 0x00007f7700719000,0x00007f7700819000] [id=53749]

Threads with active compile tasks:
C1 CompilerThread0     4851 1755       3       org.jpype.manager.TypeManager$Destroyer::add (101 bytes)

VM state:at safepoint (shutting down)

VM Mutex/Monitor currently owned by a thread:  ([mutex/lock_event])
[0x0000000003c822a0] Threads_lock - owner thread: 0x0000000003f1e000

Heap address: 0x0000000747000000, size: 2960 MB, Compressed Oops mode: Zero based, Oop shift amount: 3
Narrow klass base: 0x0000000800000000, Narrow klass shift: 3
Compressed class space size: 1073741824 Address: 0x0000000840000000

Heap:
 garbage-first heap   total 30720K, used 13670K [0x0000000747000000, 0x0000000800000000)
  region size 1024K, 6 young (6144K), 0 survivors (0K)
 Metaspace       used 12456K, capacity 13150K, committed 13440K, reserved 1060864K
  class space    used 1338K, capacity 1634K, committed 1664K, reserved 1048576K
Heap Regions: E=young(eden), S=young(survivor), O=old, HS=humongous(starts), HC=humongous(continues), CS=collection set, F=free, A=archive, TAMS=top-at-mark-start (previous, next)
|   0|0x0000000747000000, 0x00000007470ffff0, 0x0000000747100000| 99%| O|  |TAMS 0x0000000747000000, 0x0000000747000000| Untracked 
|   1|0x0000000747100000, 0x00000007471ffff8, 0x0000000747200000| 99%| O|  |TAMS 0x0000000747100000, 0x0000000747100000| Untracked 
|   2|0x0000000747200000, 0x00000007472ff200, 0x0000000747300000| 99%| O|  |TAMS 0x0000000747200000, 0x0000000747200000| Untracked 
|   3|0x0000000747300000, 0x00000007473fff48, 0x0000000747400000| 99%| O|  |TAMS 0x0000000747300000, 0x0000000747300000| Untracked 
|   4|0x0000000747400000, 0x00000007474ffff8, 0x0000000747500000| 99%| O|  |TAMS 0x0000000747400000, 0x0000000747400000| Untracked 
|   5|0x0000000747500000, 0x00000007475ffff0, 0x0000000747600000| 99%| O|  |TAMS 0x0000000747500000, 0x0000000747500000| Untracked 
|   6|0x0000000747600000, 0x00000007476fffd8, 0x0000000747700000| 99%| O|  |TAMS 0x0000000747600000, 0x0000000747600000| Untracked 
|   7|0x0000000747700000, 0x0000000747771ab8, 0x0000000747800000| 44%| O|  |TAMS 0x0000000747700000, 0x0000000747700000| Untracked 
|   8|0x0000000747800000, 0x0000000747800000, 0x0000000747900000|  0%| F|  |TAMS 0x0000000747800000, 0x0000000747800000| Untracked 
|   9|0x0000000747900000, 0x0000000747900000, 0x0000000747a00000|  0%| F|  |TAMS 0x0000000747900000, 0x0000000747900000| Untracked 
|  10|0x0000000747a00000, 0x0000000747a00000, 0x0000000747b00000|  0%| F|  |TAMS 0x0000000747a00000, 0x0000000747a00000| Untracked 
|  11|0x0000000747b00000, 0x0000000747b00000, 0x0000000747c00000|  0%| F|  |TAMS 0x0000000747b00000, 0x0000000747b00000| Untracked 
|  12|0x0000000747c00000, 0x0000000747c00000, 0x0000000747d00000|  0%| F|  |TAMS 0x0000000747c00000, 0x0000000747c00000| Untracked 
|  13|0x0000000747d00000, 0x0000000747d00000, 0x0000000747e00000|  0%| F|  |TAMS 0x0000000747d00000, 0x0000000747d00000| Untracked 
|  14|0x0000000747e00000, 0x0000000747e00000, 0x0000000747f00000|  0%| F|  |TAMS 0x0000000747e00000, 0x0000000747e00000| Untracked 
|  15|0x0000000747f00000, 0x0000000747f00000, 0x0000000748000000|  0%| F|  |TAMS 0x0000000747f00000, 0x0000000747f00000| Untracked 
|  16|0x0000000748000000, 0x0000000748000000, 0x0000000748100000|  0%| F|  |TAMS 0x0000000748000000, 0x0000000748000000| Untracked 
|  17|0x0000000748100000, 0x0000000748100000, 0x0000000748200000|  0%| F|  |TAMS 0x0000000748100000, 0x0000000748100000| Untracked 
|  18|0x0000000748200000, 0x0000000748236e20, 0x0000000748300000| 21%| O|  |TAMS 0x0000000748200000, 0x0000000748200000| Untracked 
|  19|0x0000000748300000, 0x0000000748300000, 0x0000000748400000|  0%| F|  |TAMS 0x0000000748300000, 0x0000000748300000| Untracked 
|  20|0x0000000748400000, 0x0000000748400000, 0x0000000748500000|  0%| F|  |TAMS 0x0000000748400000, 0x0000000748400000| Untracked 
|  21|0x0000000748500000, 0x0000000748500000, 0x0000000748600000|  0%| F|  |TAMS 0x0000000748500000, 0x0000000748500000| Untracked 
|  22|0x0000000748600000, 0x0000000748600800, 0x0000000748700000|  0%| E|  |TAMS 0x0000000748600000, 0x0000000748600000| Complete 
|  23|0x0000000748700000, 0x0000000748800000, 0x0000000748800000|100%| E|CS|TAMS 0x0000000748700000, 0x0000000748700000| Complete 
|  24|0x0000000748800000, 0x0000000748900000, 0x0000000748900000|100%| E|CS|TAMS 0x0000000748800000, 0x0000000748800000| Complete 
|  25|0x0000000748900000, 0x0000000748a00000, 0x0000000748a00000|100%| E|CS|TAMS 0x0000000748900000, 0x0000000748900000| Complete 
|  26|0x0000000748a00000, 0x0000000748b00000, 0x0000000748b00000|100%| E|CS|TAMS 0x0000000748a00000, 0x0000000748a00000| Complete 
|  33|0x0000000749100000, 0x0000000749200000, 0x0000000749200000|100%| E|CS|TAMS 0x0000000749100000, 0x0000000749100000| Complete 
|1934|0x00000007bfe00000, 0x00000007bfe47000, 0x00000007bff00000| 27%|OA|  |TAMS 0x00000007bfe00000, 0x00000007bfe00000| Untracked 
|1935|0x00000007bff00000, 0x00000007bff6b000, 0x00000007c0000000| 41%|CA|  |TAMS 0x00000007bff00000, 0x00000007bff00000| Untracked 

Card table byte_map: [0x00007f77019ae000,0x00007f7701f76000] _byte_map_base: 0x00007f76fdf76000

Marking Bits (Prev, Next): (CMBitMap*) 0x0000000003cd67d8, (CMBitMap*) 0x0000000003cd6810
 Prev Bits: [0x00007f76d11c0000, 0x00007f76d4000000)
 Next Bits: [0x00007f76ce380000, 0x00007f76d11c0000)

Polling page: 0x00007f777a7b0000

Metaspace:

Usage:
  Non-class:     11,25 MB capacity,    10,86 MB ( 97%) used,   338,82 KB (  3%) free+waste,    59,19 KB ( <1%) overhead. 
      Class:      1,60 MB capacity,     1,31 MB ( 82%) used,   262,70 KB ( 16%) free+waste,    32,62 KB (  2%) overhead. 
       Both:     12,84 MB capacity,    12,16 MB ( 95%) used,   601,52 KB (  5%) free+waste,    91,81 KB ( <1%) overhead. 

Virtual space:
  Non-class space:       12,00 MB reserved,      11,50 MB ( 96%) committed 
      Class space:        1,00 GB reserved,       1,62 MB ( <1%) committed 
             Both:        1,01 GB reserved,      13,12 MB (  1%) committed 

Chunk freelists:
   Non-Class:  44,00 KB
       Class:  30,00 KB
        Both:  74,00 KB

MaxMetaspaceSize: unlimited
CompressedClassSpaceSize: 1,00 GB
Initial GC threshold: 20,80 MB
Current GC threshold: 20,80 MB
CDS: on

CodeHeap 'non-profiled nmethods': size=120032Kb used=809Kb max_used=809Kb free=119222Kb
 bounds [0x00007f76e02e6000, 0x00007f76e0556000, 0x00007f76e781e000]
CodeHeap 'profiled nmethods': size=120028Kb used=3036Kb max_used=3036Kb free=116991Kb
 bounds [0x00007f76d8daf000, 0x00007f76d90af000, 0x00007f76e02e6000]
CodeHeap 'non-nmethods': size=5700Kb used=1362Kb max_used=1392Kb free=4337Kb
 bounds [0x00007f76d881e000, 0x00007f76d8a8e000, 0x00007f76d8daf000]
 total_blobs=2434 nmethods=1751 adapters=596
 compilation: enabled
              stopped_count=0, restarted_count=0
 full_count=0

Compilation events (20 events):
Event: 4,425 Thread 0x0000000003f2d000 1744       3       sun.java2d.xr.GrowableIntArray::clear (6 bytes)
Event: 4,425 Thread 0x0000000003f2d000 nmethod 1744 0x00007f76d90a3a90 code [0x00007f76d90a3c40, 0x00007f76d90a3d50]
Event: 4,425 Thread 0x0000000003f2d000 1746       3       sun.font.XRGlyphCacheEntry::getGlyphID (8 bytes)
Event: 4,425 Thread 0x0000000003f2d000 nmethod 1746 0x00007f76d90a3e10 code [0x00007f76d90a3fe0, 0x00007f76d90a42d0]
Event: 4,425 Thread 0x0000000003f2d000 1748       3       sun.java2d.marlin.DMarlinRenderingEngine$NormalizingPathIterator::isDone (20 bytes)
Event: 4,425 Thread 0x0000000003f2b000 nmethod 1747 0x00007f76e03aff90 code [0x00007f76e03b0120, 0x00007f76e03b0198]
Event: 4,425 Thread 0x0000000003f2d000 nmethod 1748 0x00007f76d90a4410 code [0x00007f76d90a45e0, 0x00007f76d90a48c0]
Event: 4,425 Thread 0x0000000003f2d000 1749       3       sun.java2d.StateTrackableDelegate::markDirty (6 bytes)
Event: 4,425 Thread 0x0000000003f2d000 nmethod 1749 0x00007f76d90a4990 code [0x00007f76d90a4b40, 0x00007f76d90a4c90]
Event: 4,425 Thread 0x0000000003f2d000 1750       3       sun.java2d.marlin.DStroker::emitLineTo (21 bytes)
Event: 4,425 Thread 0x0000000003f2d000 nmethod 1750 0x00007f76d90a4d10 code [0x00007f76d90a4f00, 0x00007f76d90a5230]
Event: 4,426 Thread 0x0000000003f2d000 1751       3       sun.java2d.loops.ProcessPath$ActiveEdgeList::delete (37 bytes)
Event: 4,426 Thread 0x0000000003f2d000 nmethod 1751 0x00007f76d90a5390 code [0x00007f76d90a5560, 0x00007f76d90a5850]
Event: 4,426 Thread 0x0000000003f2d000 1753       3       sun.java2d.marlin.DHelpers::within (28 bytes)
Event: 4,426 Thread 0x0000000003f2d000 nmethod 1753 0x00007f76d90a5990 code [0x00007f76d90a5b40, 0x00007f76d90a5d10]
Event: 4,426 Thread 0x0000000003f2d000 1754       3       sun.java2d.marlin.DHelpers$PolyStack::pushLine (57 bytes)
Event: 4,426 Thread 0x0000000003f2d000 nmethod 1754 0x00007f76d90a5d90 code [0x00007f76d90a5f60, 0x00007f76d90a6180]
Event: 4,426 Thread 0x0000000003f2d000 1752       1       java.awt.BasicStroke::getLineWidth (5 bytes)
Event: 4,426 Thread 0x0000000003f2d000 nmethod 1752 0x00007f76e03b0290 code [0x00007f76e03b0440, 0x00007f76e03b0510]
Event: 4,475 Thread 0x0000000003f2d000 1755       3       org.jpype.manager.TypeManager$Destroyer::add (101 bytes)

GC Heap History (20 events):
Event: 0,174 GC heap before
{Heap before GC invocations=1 (full 1):
 garbage-first heap   total 20480K, used 7835K [0x0000000747000000, 0x0000000800000000)
  region size 1024K, 6 young (6144K), 0 survivors (0K)
 Metaspace       used 2068K, capacity 4881K, committed 5120K, reserved 1056768K
  class space    used 182K, capacity 450K, committed 512K, reserved 1048576K
}
Event: 0,175 GC heap after
{Heap after GC invocations=2 (full 1):
 garbage-first heap   total 20480K, used 2543K [0x0000000747000000, 0x0000000800000000)
  region size 1024K, 1 young (1024K), 1 survivors (1024K)
 Metaspace       used 2068K, capacity 4881K, committed 5120K, reserved 1056768K
  class space    used 182K, capacity 450K, committed 512K, reserved 1048576K
}
Event: 0,191 GC heap before
{Heap before GC invocations=2 (full 1):
 garbage-first heap   total 20480K, used 9711K [0x0000000747000000, 0x0000000800000000)
  region size 1024K, 8 young (8192K), 1 survivors (1024K)
 Metaspace       used 2075K, capacity 4881K, committed 5120K, reserved 1056768K
  class space    used 182K, capacity 450K, committed 512K, reserved 1048576K
}
Event: 0,193 GC heap after
{Heap after GC invocations=3 (full 1):
 garbage-first heap   total 20480K, used 3258K [0x0000000747000000, 0x0000000800000000)
  region size 1024K, 1 young (1024K), 1 survivors (1024K)
 Metaspace       used 2075K, capacity 4881K, committed 5120K, reserved 1056768K
  class space    used 182K, capacity 450K, committed 512K, reserved 1048576K
}
Event: 0,206 GC heap before
{Heap before GC invocations=3 (full 1):
 garbage-first heap   total 20480K, used 9402K [0x0000000747000000, 0x0000000800000000)
  region size 1024K, 7 young (7168K), 1 survivors (1024K)
 Metaspace       used 2092K, capacity 4881K, committed 5120K, reserved 1056768K
  class space    used 182K, capacity 450K, committed 512K, reserved 1048576K
}
Event: 0,208 GC heap after
{Heap after GC invocations=4 (full 1):
 garbage-first heap   total 20480K, used 3852K [0x0000000747000000, 0x0000000800000000)
  region size 1024K, 1 young (1024K), 1 survivors (1024K)
 Metaspace       used 2092K, capacity 4881K, committed 5120K, reserved 1056768K
  class space    used 182K, capacity 450K, committed 512K, reserved 1048576K
}
Event: 0,220 GC heap before
{Heap before GC invocations=4 (full 1):
 garbage-first heap   total 20480K, used 9996K [0x0000000747000000, 0x0000000800000000)
  region size 1024K, 7 young (7168K), 1 survivors (1024K)
 Metaspace       used 2094K, capacity 4881K, committed 5120K, reserved 1056768K
  class space    used 182K, capacity 450K, committed 512K, reserved 1048576K
}
Event: 0,222 GC heap after
{Heap after GC invocations=5 (full 1):
 garbage-first heap   total 20480K, used 4571K [0x0000000747000000, 0x0000000800000000)
  region size 1024K, 1 young (1024K), 1 survivors (1024K)
 Metaspace       used 2094K, capacity 4881K, committed 5120K, reserved 1056768K
  class space    used 182K, capacity 450K, committed 512K, reserved 1048576K
}
Event: 0,231 GC heap before
{Heap before GC invocations=5 (full 1):
 garbage-first heap   total 20480K, used 9691K [0x0000000747000000, 0x0000000800000000)
  region size 1024K, 6 young (6144K), 1 survivors (1024K)
 Metaspace       used 2106K, capacity 4881K, committed 5120K, reserved 1056768K
  class space    used 182K, capacity 450K, committed 512K, reserved 1048576K
}
Event: 0,234 GC heap after
{Heap after GC invocations=6 (full 1):
 garbage-first heap   total 105472K, used 5155K [0x0000000747000000, 0x0000000800000000)
  region size 1024K, 1 young (1024K), 1 survivors (1024K)
 Metaspace       used 2106K, capacity 4881K, committed 5120K, reserved 1056768K
  class space    used 182K, capacity 450K, committed 512K, reserved 1048576K
}
Event: 0,300 GC heap before
{Heap before GC invocations=6 (full 1):
 garbage-first heap   total 105472K, used 13347K [0x0000000747000000, 0x0000000800000000)
  region size 1024K, 10 young (10240K), 1 survivors (1024K)
 Metaspace       used 2638K, capacity 5121K, committed 5376K, reserved 1056768K
  class space    used 243K, capacity 490K, committed 512K, reserved 1048576K
}
Event: 0,312 GC heap after
{Heap after GC invocations=7 (full 2):
 garbage-first heap   total 30720K, used 6690K [0x0000000747000000, 0x0000000800000000)
  region size 1024K, 0 young (0K), 0 survivors (0K)
 Metaspace       used 2638K, capacity 5121K, committed 5376K, reserved 1056768K
  class space    used 243K, capacity 490K, committed 512K, reserved 1048576K
}
Event: 0,361 GC heap before
{Heap before GC invocations=7 (full 2):
 garbage-first heap   total 30720K, used 6690K [0x0000000747000000, 0x0000000800000000)
  region size 1024K, 1 young (1024K), 0 survivors (0K)
 Metaspace       used 2864K, capacity 5175K, committed 5376K, reserved 1056768K
  class space    used 270K, capacity 509K, committed 512K, reserved 1048576K
}
Event: 0,371 GC heap after
{Heap after GC invocations=8 (full 3):
 garbage-first heap   total 30720K, used 6941K [0x0000000747000000, 0x0000000800000000)
  region size 1024K, 0 young (0K), 0 survivors (0K)
 Metaspace       used 2864K, capacity 5175K, committed 5376K, reserved 1056768K
  class space    used 270K, capacity 509K, committed 512K, reserved 1048576K
}
Event: 0,397 GC heap before
{Heap before GC invocations=8 (full 3):
 garbage-first heap   total 30720K, used 6941K [0x0000000747000000, 0x0000000800000000)
  region size 1024K, 1 young (1024K), 0 survivors (0K)
 Metaspace       used 2928K, capacity 5261K, committed 5504K, reserved 1056768K
  class space    used 275K, capacity 515K, committed 640K, reserved 1048576K
}
Event: 0,406 GC heap after
{Heap after GC invocations=9 (full 4):
 garbage-first heap   total 30720K, used 6951K [0x0000000747000000, 0x0000000800000000)
  region size 1024K, 0 young (0K), 0 survivors (0K)
 Metaspace       used 2928K, capacity 5261K, committed 5504K, reserved 1056768K
  class space    used 275K, capacity 515K, committed 640K, reserved 1048576K
}
Event: 2,440 GC heap before
{Heap before GC invocations=9 (full 4):
 garbage-first heap   total 30720K, used 16167K [0x0000000747000000, 0x0000000800000000)
  region size 1024K, 9 young (9216K), 0 survivors (0K)
 Metaspace       used 10299K, capacity 10852K, committed 11136K, reserved 1058816K
  class space    used 1077K, capacity 1314K, committed 1408K, reserved 1048576K
}
Event: 2,447 GC heap after
{Heap after GC invocations=10 (full 4):
 garbage-first heap   total 30720K, used 8618K [0x0000000747000000, 0x0000000800000000)
  region size 1024K, 2 young (2048K), 2 survivors (2048K)
 Metaspace       used 10299K, capacity 10852K, committed 11136K, reserved 1058816K
  class space    used 1077K, capacity 1314K, committed 1408K, reserved 1048576K
}
Event: 2,467 GC heap before
{Heap before GC invocations=10 (full 4):
 garbage-first heap   total 30720K, used 8618K [0x0000000747000000, 0x0000000800000000)
  region size 1024K, 3 young (3072K), 2 survivors (2048K)
 Metaspace       used 10693K, capacity 11236K, committed 11392K, reserved 1058816K
  class space    used 1128K, capacity 1378K, committed 1408K, reserved 1048576K
}
Event: 2,496 GC heap after
{Heap after GC invocations=11 (full 5):
 garbage-first heap   total 30720K, used 8550K [0x0000000747000000, 0x0000000800000000)
  region size 1024K, 0 young (0K), 0 survivors (0K)
 Metaspace       used 10693K, capacity 11236K, committed 11392K, reserved 1058816K
  class space    used 1128K, capacity 1378K, committed 1408K, reserved 1048576K
}

Deoptimization events (20 events):
Event: 2,395 Thread 0x0000000003c85800 Uncommon trap: trap_request=0xffffff4d fr.pc=0x00007f76e031e3c8 relative=0x00000000000001a8
Event: 2,395 Thread 0x0000000003c85800 Uncommon trap: reason=unstable_if action=reinterpret pc=0x00007f76e031e3c8 method=java.lang.String.startsWith(Ljava/lang/String;I)Z @ 1 c2
Event: 2,395 Thread 0x0000000003c85800 DEOPT PACKING pc=0x00007f76e031e3c8 sp=0x00007fffd56d9380
Event: 2,395 Thread 0x0000000003c85800 DEOPT UNPACKING pc=0x00007f76d8867ea5 sp=0x00007fffd56d9310 mode 2
Event: 2,401 Thread 0x0000000003c85800 Uncommon trap: trap_request=0xffffffc6 fr.pc=0x00007f76e03495d8 relative=0x0000000000000738
Event: 2,401 Thread 0x0000000003c85800 Uncommon trap: reason=bimorphic_or_optimized_type_check action=maybe_recompile pc=0x00007f76e03495d8 method=java.util.HashMap.putVal(ILjava/lang/Object;Ljava/lang/Object;ZZ)Ljava/lang/Object; @ 91 c2
Event: 2,401 Thread 0x0000000003c85800 DEOPT PACKING pc=0x00007f76e03495d8 sp=0x00007fffd56d9330
Event: 2,401 Thread 0x0000000003c85800 DEOPT UNPACKING pc=0x00007f76d8867ea5 sp=0x00007fffd56d92b0 mode 2
Event: 2,405 Thread 0x0000000003c85800 Uncommon trap: trap_request=0xffffff4d fr.pc=0x00007f76e0310268 relative=0x0000000000000228
Event: 2,405 Thread 0x0000000003c85800 Uncommon trap: reason=unstable_if action=reinterpret pc=0x00007f76e0310268 method=java.util.HashMap.hash(Ljava/lang/Object;)I @ 1 c2
Event: 2,405 Thread 0x0000000003c85800 DEOPT PACKING pc=0x00007f76e0310268 sp=0x00007fffd56d9320
Event: 2,405 Thread 0x0000000003c85800 DEOPT UNPACKING pc=0x00007f76d8867ea5 sp=0x00007fffd56d9278 mode 2
Event: 2,405 Thread 0x0000000003c85800 Uncommon trap: trap_request=0xffffff4d fr.pc=0x00007f76e02fd1a4 relative=0x00000000000000e4
Event: 2,405 Thread 0x0000000003c85800 Uncommon trap: reason=unstable_if action=reinterpret pc=0x00007f76e02fd1a4 method=java.util.HashMap.hash(Ljava/lang/Object;)I @ 1 c2
Event: 2,405 Thread 0x0000000003c85800 DEOPT PACKING pc=0x00007f76e02fd1a4 sp=0x00007fffd56d9320
Event: 2,405 Thread 0x0000000003c85800 DEOPT UNPACKING pc=0x00007f76d8867ea5 sp=0x00007fffd56d9280 mode 2
Event: 2,411 Thread 0x0000000003c85800 Uncommon trap: trap_request=0xffffffc6 fr.pc=0x00007f76e03495d8 relative=0x0000000000000738
Event: 2,411 Thread 0x0000000003c85800 Uncommon trap: reason=bimorphic_or_optimized_type_check action=maybe_recompile pc=0x00007f76e03495d8 method=java.util.HashMap.putVal(ILjava/lang/Object;Ljava/lang/Object;ZZ)Ljava/lang/Object; @ 91 c2
Event: 2,411 Thread 0x0000000003c85800 DEOPT PACKING pc=0x00007f76e03495d8 sp=0x00007fffd56d8d60
Event: 2,411 Thread 0x0000000003c85800 DEOPT UNPACKING pc=0x00007f76d8867ea5 sp=0x00007fffd56d8ce0 mode 2

Classes redefined (0 events):
No events

Internal exceptions (20 events):
Event: 2,359 Thread 0x0000000003c85800 Exception <a 'java/lang/NoSuchMethodError'{0x0000000748598d20}: 'void java.lang.invoke.DirectMethodHandle$Holder.invokeSpecial(java.lang.Object, java.lang.Object)'> (0x0000000748598d20) thrown at [src/hotspot/share/interpreter/linkResolver.cpp, line 772]
Event: 2,386 Thread 0x0000000003c85800 Exception <a 'java/lang/NoSuchMethodError'{0x00000007484d9a20}: 'java.lang.Object java.lang.invoke.Invokers$Holder.linkToTargetMethod(java.lang.Object, int, java.lang.Object)'> (0x00000007484d9a20) thrown at [src/hotspot/share/interpreter/linkResolver.cpp, line 772]
Event: 2,393 Thread 0x0000000003c85800 Exception <a 'java/lang/ClassNotFoundException'{0x000000074831b9f0}: com/sun/swing/internal/plaf/metal/resources/spi/metalProvider> (0x000000074831b9f0) thrown at [src/hotspot/share/classfile/systemDictionary.cpp, line 230]
Event: 2,394 Thread 0x0000000003c85800 Exception <a 'java/lang/ClassNotFoundException'{0x0000000748320390}: com/sun/swing/internal/plaf/basic/resources/spi/basicProvider> (0x0000000748320390) thrown at [src/hotspot/share/classfile/systemDictionary.cpp, line 230]
Event: 2,405 Thread 0x0000000003c85800 Implicit null exception at 0x00007f76e0310085 to 0x00007f76e0310258
Event: 2,405 Thread 0x0000000003c85800 Implicit null exception at 0x00007f76e02fd108 to 0x00007f76e02fd19a
Event: 2,409 Thread 0x0000000003c85800 Exception <a 'java/lang/NoSuchMethodError'{0x000000074837d320}: 'void java.lang.invoke.DirectMethodHandle$Holder.invokeStaticInit(java.lang.Object)'> (0x000000074837d320) thrown at [src/hotspot/share/interpreter/linkResolver.cpp, line 772]
Event: 2,413 Thread 0x0000000003c85800 Exception <a 'java/lang/NoSuchMethodError'{0x00000007483af2d8}: 'java.lang.Object java.lang.invoke.DirectMethodHandle$Holder.invokeStatic(java.lang.Object, java.lang.Object, java.lang.Object, java.lang.Object, java.lang.Object, java.lang.Object, java.lang.Object, java.lang.Object, java.lang.Object, java.lang.Object, java.lang.Object, java.lang.Object, java.lang.Object, int)'> (0x00000007483af2d8) thrown at [src/hotspot/share/interpreter/linkResolver.cpp, line 772]
Event: 2,415 Thread 0x0000000003c85800 Exception <a 'java/lang/NoSuchMethodError'{0x00000007483bbc68}: 'java.lang.Object java.lang.invoke.DirectMethodHandle$Holder.invokeStatic(java.lang.Object, java.lang.Object, java.lang.Object, java.lang.Object, java.lang.Object, java.lang.Object, java.lang.Object, java.lang.Object, java.lang.Object, java.lang.Object, java.lang.Object, java.lang.Object, java.lang.Object, int, int)'> (0x00000007483bbc68) thrown at [src/hotspot/share/interpreter/linkResolver.cpp, line 772]
Event: 2,539 Thread 0x0000000004379800 Exception <a 'java/lang/NoSuchMethodError'{0x00000007491ff5a8}: 'java.lang.Object java.lang.invoke.DirectMethodHandle$Holder.invokeSpecial(java.lang.Object, java.lang.Object, int, int, java.lang.Object, java.lang.Object, java.lang.Object, java.lang.Object, java.lang.Object)'> (0x00000007491ff5a8) thrown at [src/hotspot/share/interpreter/linkResolver.cpp, line 772]
Event: 2,540 Thread 0x0000000004379800 Exception <a 'java/lang/NoSuchMethodError'{0x0000000748a03a18}: 'java.lang.Object java.lang.invoke.DelegatingMethodHandle$Holder.reinvoke_L(java.lang.Object, int, int, java.lang.Object, java.lang.Object, java.lang.Object, java.lang.Object, java.lang.Object)'> (0x0000000748a03a18) thrown at [src/hotspot/share/interpreter/linkResolver.cpp, line 772]
Event: 2,558 Thread 0x0000000004379800 Exception <a 'java/lang/NoSuchMethodError'{0x0000000748aa4150}: 'java.lang.Object java.lang.invoke.Invokers$Holder.linkToTargetMethod(java.lang.Object, java.lang.Object, java.lang.Object, java.lang.Object, java.lang.Object, java.lang.Object)'> (0x0000000748aa4150) thrown at [src/hotspot/share/interpreter/linkResolver.cpp, line 772]
Event: 2,565 Thread 0x0000000004379800 Exception <a 'java/lang/NoSuchMethodError'{0x00000007489118d0}: 'java.lang.Object java.lang.invoke.DirectMethodHandle$Holder.invokeSpecial(java.lang.Object, java.lang.Object, int, int, java.lang.Object, java.lang.Object, java.lang.Object, java.lang.Object)'> (0x00000007489118d0) thrown at [src/hotspot/share/interpreter/linkResolver.cpp, line 772]
Event: 2,565 Thread 0x0000000004379800 Exception <a 'java/lang/NoSuchMethodError'{0x00000007489152b0}: 'java.lang.Object java.lang.invoke.DelegatingMethodHandle$Holder.reinvoke_L(java.lang.Object, int, int, java.lang.Object, java.lang.Object, java.lang.Object, java.lang.Object)'> (0x00000007489152b0) thrown at [src/hotspot/share/interpreter/linkResolver.cpp, line 772]
Event: 2,598 Thread 0x0000000004379800 Exception <a 'java/lang/NoSuchMethodError'{0x0000000748893628}: 'java.lang.Object java.lang.invoke.DirectMethodHandle$Holder.invokeStatic(java.lang.Object, java.lang.Object, java.lang.Object, java.lang.Object, java.lang.Object, java.lang.Object, java.lang.Object, java.lang.Object, java.lang.Object, java.lang.Object, java.lang.Object, int)'> (0x0000000748893628) thrown at [src/hotspot/share/interpreter/linkResolver.cpp, line 772]
Event: 2,601 Thread 0x0000000004379800 Exception <a 'java/lang/NoSuchMethodError'{0x00000007488b17f8}: 'java.lang.Object java.lang.invoke.DirectMethodHandle$Holder.invokeStatic(java.lang.Object, java.lang.Object, java.lang.Object, java.lang.Object, java.lang.Object, java.lang.Object, java.lang.Object, java.lang.Object, java.lang.Object, java.lang.Object, java.lang.Object, int, int)'> (0x00000007488b17f8) thrown at [src/hotspot/share/interpreter/linkResolver.cpp, line 772]
Event: 2,604 Thread 0x0000000004379800 Exception <a 'java/lang/NoSuchMethodError'{0x00000007488d39b8}: 'java.lang.Object java.lang.invoke.DirectMethodHandle$Holder.invokeStatic(java.lang.Object, java.lang.Object, java.lang.Object, java.lang.Object, java.lang.Object, java.lang.Object, java.lang.Object, java.lang.Object, java.lang.Object, java.lang.Object, java.lang.Object, int, int, java.lang.Object)'> (0x00000007488d39b8) thrown at [src/hotspot/share/interpreter/linkResolver.cpp, line 772]
Event: 2,605 Thread 0x0000000004379800 Exception <a 'java/lang/NoSuchMethodError'{0x00000007488f3cf0}: 'java.lang.Object java.lang.invoke.DirectMethodHandle$Holder.invokeStatic(java.lang.Object, java.lang.Object, java.lang.Object, java.lang.Object, java.lang.Object, java.lang.Object, java.lang.Object, java.lang.Object, java.lang.Object, java.lang.Object, java.lang.Object, int, int, java.lang.Object, java.lang.Object)'> (0x00000007488f3cf0) thrown at [src/hotspot/share/interpreter/linkResolver.cpp, line 772]
Event: 4,474 Thread 0x0000000004375800 Exception <a 'java/lang/InterruptedException'{0x0000000748600000}> (0x0000000748600000) thrown at [src/hotspot/share/runtime/objectMonitor.cpp, line 1635]
Event: 4,474 Thread 0x0000000003fec800 Exception <a 'java/lang/InterruptedException'{0x000000074910cd40}> (0x000000074910cd40) thrown at [src/hotspot/share/runtime/objectMonitor.cpp, line 1635]

Events (20 events):
Event: 4,467 loading class sun/awt/X11/XSystemTrayPeer
Event: 4,467 Thread 0x00007f76802ea000 Thread added: 0x00007f76802ea000
Event: 4,467 Protecting memory [0x00007f7657d94000,0x00007f7657d98000] with protection modes 0
Event: 4,467 loading class java/awt/peer/SystemTrayPeer
Event: 4,467 loading class java/awt/peer/SystemTrayPeer done
Event: 4,468 loading class sun/awt/X11/XSystemTrayPeer done
Event: 4,469 Thread 0x00007f76800d4000 Thread exited: 0x00007f76800d4000
Event: 4,473 Executing VM operation: ThreadDump
Event: 4,473 Executing VM operation: ThreadDump done
Event: 4,474 Executing VM operation: RevokeBias
Event: 4,474 Executing VM operation: RevokeBias done
Event: 4,474 Executing VM operation: RevokeBias
Event: 4,474 Executing VM operation: RevokeBias done
Event: 4,474 Thread 0x0000000004375800 Thread exited: 0x0000000004375800
Event: 4,474 Thread 0x0000000003fec800 Thread exited: 0x0000000003fec800
Event: 4,474 Executing VM operation: RevokeBias
Event: 4,474 Executing VM operation: RevokeBias done
Event: 4,474 Thread 0x0000000004379800 Thread exited: 0x0000000004379800
Event: 4,475 Thread 0x00007f76802ea000 Thread exited: 0x00007f76802ea000
Event: 4,475 Executing VM operation: Exit


Dynamic libraries:
00400000-00423000 r--p 00000000 08:13 3149947                            /usr/bin/python3.8
00423000-006b8000 r-xp 00023000 08:13 3149947                            /usr/bin/python3.8
006b8000-008f5000 r--p 002b8000 08:13 3149947                            /usr/bin/python3.8
008f5000-008f6000 r--p 004f4000 08:13 3149947                            /usr/bin/python3.8
008f6000-0093d000 rw-p 004f5000 08:13 3149947                            /usr/bin/python3.8
0093d000-00960000 rw-p 00000000 00:00 0 
01317000-58d52000 rw-p 00000000 00:00 0                                  [heap]
200000000-200200000 ---p 00000000 00:00 0 
200200000-200400000 rw-s 00000000 00:06 629                              /dev/nvidiactl
200400000-202400000 rw-s 00000000 00:06 629                              /dev/nvidiactl
202400000-205400000 rw-s 00000000 00:06 629                              /dev/nvidiactl
205400000-205c00000 ---p 00000000 00:00 0 
205c00000-205e00000 rw-s 00000000 00:06 629                              /dev/nvidiactl
205e00000-206000000 rw-s 00000000 00:06 629                              /dev/nvidiactl
206000000-206200000 rw-s 206000000 00:06 631                             /dev/nvidia-uvm
206200000-206400000 rw-s 00000000 00:06 629                              /dev/nvidiactl
206400000-206600000 ---p 00000000 00:00 0 
206600000-206800000 rw-s 00000000 00:06 629                              /dev/nvidiactl
206800000-300200000 ---p 00000000 00:00 0 
747000000-748b00000 rw-p 00000000 00:00 0 
748b00000-749100000 ---p 00000000 00:00 0 
749100000-749200000 rw-p 00000000 00:00 0 
749200000-7bfe00000 ---p 00000000 00:00 0 
7bfe00000-7bfe47000 rw-p 01119000 08:13 3277136                          /usr/lib/jvm/java-11-openjdk-amd64/lib/server/classes.jsa
7bfe47000-7bff00000 rw-p 00000000 00:00 0 
7bff00000-7bff6b000 rw-p 010ae000 08:13 3277136                          /usr/lib/jvm/java-11-openjdk-amd64/lib/server/classes.jsa
7bff6b000-7c0000000 rw-p 00000000 00:00 0 
7c0000000-800000000 ---p 00000000 00:00 0 
800000000-800002000 rwxp 00001000 08:13 3277136                          /usr/lib/jvm/java-11-openjdk-amd64/lib/server/classes.jsa
800002000-8003cb000 rw-p 00003000 08:13 3277136                          /usr/lib/jvm/java-11-openjdk-amd64/lib/server/classes.jsa
8003cb000-800a9a000 r--p 003cc000 08:13 3277136                          /usr/lib/jvm/java-11-openjdk-amd64/lib/server/classes.jsa
800a9a000-800a9b000 rw-p 00a9b000 08:13 3277136                          /usr/lib/jvm/java-11-openjdk-amd64/lib/server/classes.jsa
800a9b000-8010ad000 r--p 00a9c000 08:13 3277136                          /usr/lib/jvm/java-11-openjdk-amd64/lib/server/classes.jsa
840000000-8401a0000 rw-p 00000000 00:00 0 
8401a0000-880000000 ---p 00000000 00:00 0 
10000000000-10104000000 ---p 00000000 00:00 0 
7f7624000000-7f7624021000 rw-p 00000000 00:00 0 
7f7624021000-7f7628000000 ---p 00000000 00:00 0 
7f762c000000-7f762c021000 rw-p 00000000 00:00 0 
7f762c021000-7f7630000000 ---p 00000000 00:00 0 
7f7630000000-7f7630732000 rw-p 00000000 00:00 0 
7f7630732000-7f7634000000 ---p 00000000 00:00 0 
7f7634000000-7f76341fc000 rw-p 00000000 00:00 0 
7f76341fc000-7f7638000000 ---p 00000000 00:00 0 
7f7638000000-7f7638021000 rw-p 00000000 00:00 0 
7f7638021000-7f763c000000 ---p 00000000 00:00 0 
7f763c000000-7f763c021000 rw-p 00000000 00:00 0 
7f763c021000-7f7640000000 ---p 00000000 00:0